15-Jun-2025 22:24:12.151 INFO [main] org.apache.catalina.startup.VersionLoggerListener.log Server version name:   Apache Tomcat/9.0.106
15-Jun-2025 22:24:12.154 INFO [main] org.apache.catalina.startup.VersionLoggerListener.log Server built:          Jun 5 2025 19:02:30 UTC
15-Jun-2025 22:24:12.155 INFO [main] org.apache.catalina.startup.VersionLoggerListener.log Server version number: 9.0.106.0
15-Jun-2025 22:24:12.155 INFO [main] org.apache.catalina.startup.VersionLoggerListener.log OS Name:               Linux
15-Jun-2025 22:24:12.155 INFO [main] org.apache.catalina.startup.VersionLoggerListener.log OS Version:            5.15.167.4-microsoft-standard-WSL2
15-Jun-2025 22:24:12.155 INFO [main] org.apache.catalina.startup.VersionLoggerListener.log Architecture:          amd64
15-Jun-2025 22:24:12.155 INFO [main] org.apache.catalina.startup.VersionLoggerListener.log Java Home:             /opt/java/openjdk
15-Jun-2025 22:24:12.155 INFO [main] org.apache.catalina.startup.VersionLoggerListener.log JVM Version:           17.0.15+6
15-Jun-2025 22:24:12.155 INFO [main] org.apache.catalina.startup.VersionLoggerListener.log JVM Vendor:            Eclipse Adoptium
15-Jun-2025 22:24:12.156 INFO [main] org.apache.catalina.startup.VersionLoggerListener.log CATALINA_BASE:         /usr/local/tomcat
15-Jun-2025 22:24:12.156 INFO [main] org.apache.catalina.startup.VersionLoggerListener.log CATALINA_HOME:         /usr/local/tomcat
15-Jun-2025 22:24:12.163 INFO [main] org.apache.catalina.startup.VersionLoggerListener.log Command line argument: --add-opens=java.base/java.lang=ALL-UNNAMED
15-Jun-2025 22:24:12.163 INFO [main] org.apache.catalina.startup.VersionLoggerListener.log Command line argument: --add-opens=java.base/java.lang.invoke=ALL-UNNAMED
15-Jun-2025 22:24:12.163 INFO [main] org.apache.catalina.startup.VersionLoggerListener.log Command line argument: --add-opens=java.base/java.lang.reflect=ALL-UNNAMED
15-Jun-2025 22:24:12.163 INFO [main] org.apache.catalina.startup.VersionLoggerListener.log Command line argument: --add-opens=java.base/java.io=ALL-UNNAMED
15-Jun-2025 22:24:12.164 INFO [main] org.apache.catalina.startup.VersionLoggerListener.log Command line argument: --add-opens=java.base/java.util=ALL-UNNAMED
15-Jun-2025 22:24:12.164 INFO [main] org.apache.catalina.startup.VersionLoggerListener.log Command line argument: --add-opens=java.base/java.util.concurrent=ALL-UNNAMED
15-Jun-2025 22:24:12.164 INFO [main] org.apache.catalina.startup.VersionLoggerListener.log Command line argument: --add-opens=java.rmi/sun.rmi.transport=ALL-UNNAMED
15-Jun-2025 22:24:12.164 INFO [main] org.apache.catalina.startup.VersionLoggerListener.log Command line argument: -Djava.util.logging.config.file=/usr/local/tomcat/conf/logging.properties
15-Jun-2025 22:24:12.164 INFO [main] org.apache.catalina.startup.VersionLoggerListener.log Command line argument: -Djava.util.logging.manager=org.apache.juli.ClassLoaderLogManager
15-Jun-2025 22:24:12.164 INFO [main] org.apache.catalina.startup.VersionLoggerListener.log Command line argument: -Djdk.tls.ephemeralDHKeySize=2048
15-Jun-2025 22:24:12.164 INFO [main] org.apache.catalina.startup.VersionLoggerListener.log Command line argument: -Djava.protocol.handler.pkgs=org.apache.catalina.webresources
15-Jun-2025 22:24:12.164 INFO [main] org.apache.catalina.startup.VersionLoggerListener.log Command line argument: -Dsun.io.useCanonCaches=false
15-Jun-2025 22:24:12.164 INFO [main] org.apache.catalina.startup.VersionLoggerListener.log Command line argument: -Dorg.apache.catalina.security.SecurityListener.UMASK=0027
15-Jun-2025 22:24:12.165 INFO [main] org.apache.catalina.startup.VersionLoggerListener.log Command line argument: -Dignore.endorsed.dirs=
15-Jun-2025 22:24:12.165 INFO [main] org.apache.catalina.startup.VersionLoggerListener.log Command line argument: -Dcatalina.base=/usr/local/tomcat
15-Jun-2025 22:24:12.165 INFO [main] org.apache.catalina.startup.VersionLoggerListener.log Command line argument: -Dcatalina.home=/usr/local/tomcat
15-Jun-2025 22:24:12.165 INFO [main] org.apache.catalina.startup.VersionLoggerListener.log Command line argument: -Djava.io.tmpdir=/usr/local/tomcat/temp
15-Jun-2025 22:24:12.168 INFO [main] org.apache.catalina.core.AprLifecycleListener.lifecycleEvent Loaded Apache Tomcat Native library [1.3.1] using APR version [1.7.2].
15-Jun-2025 22:24:12.168 INFO [main] org.apache.catalina.core.AprLifecycleListener.lifecycleEvent APR capabilities: IPv6 [true], sendfile [true], accept filters [false], random [true], UDS [true].
15-Jun-2025 22:24:12.168 INFO [main] org.apache.catalina.core.AprLifecycleListener.lifecycleEvent APR/OpenSSL configuration: useAprConnector [false], useOpenSSL [true]
15-Jun-2025 22:24:12.171 INFO [main] org.apache.catalina.core.AprLifecycleListener.initializeSSL OpenSSL successfully initialized [OpenSSL 3.0.13 30 Jan 2024]
15-Jun-2025 22:24:12.416 INFO [main] org.apache.coyote.AbstractProtocol.init Initializing ProtocolHandler ["http-nio-8080"]
15-Jun-2025 22:24:12.437 INFO [main] org.apache.catalina.startup.Catalina.load Server initialization in [440] milliseconds
15-Jun-2025 22:24:12.488 INFO [main] org.apache.catalina.core.StandardService.startInternal Starting service [Catalina]
15-Jun-2025 22:24:12.488 INFO [main] org.apache.catalina.core.StandardEngine.startInternal Starting Servlet engine: [Apache Tomcat/9.0.106]
15-Jun-2025 22:24:12.507 INFO [main] org.apache.catalina.startup.HostConfig.deployWAR Deploying web application archive [/usr/local/tomcat/webapps/ROOT.war]
15-Jun-2025 22:24:12.864 WARNING [main] org.apache.tomcat.util.descriptor.web.WebXml.setVersion Unknown version string [5.0]. Default version will be used.
15-Jun-2025 22:24:12.883 WARNING [main] org.apache.tomcat.util.descriptor.web.WebXml.setVersion Unknown version string [6.0]. Default version will be used.
15-Jun-2025 22:24:12.890 WARNING [main] org.apache.tomcat.util.descriptor.web.WebXml.setVersion Unknown version string [6.0]. Default version will be used.
15-Jun-2025 22:24:14.215 INFO [main] org.apache.jasper.servlet.TldScanner.scanJars At least one JAR was scanned for TLDs yet contained no TLDs. Enable debug logging for this logger for a complete list of JARs that were scanned but no TLDs were found in them. Skipping unneeded JARs during scanning can improve startup time and JSP compilation time.
15-Jun-2025 22:24:14.302 INFO [main] org.apache.catalina.startup.HostConfig.deployWAR Deployment of web application archive [/usr/local/tomcat/webapps/ROOT.war] has finished in [1,794] ms
15-Jun-2025 22:24:14.313 INFO [main] org.apache.coyote.AbstractProtocol.start Starting ProtocolHandler ["http-nio-8080"]
15-Jun-2025 22:24:14.335 INFO [main] org.apache.catalina.startup.Catalina.start Server startup in [3113] milliseconds
15-Jun-2025 22:27:35.432 INFO [Thread-1] org.apache.coyote.AbstractProtocol.pause Pausing ProtocolHandler ["http-nio-8080"]
15-Jun-2025 22:27:35.437 INFO [Thread-1] org.apache.catalina.core.StandardService.stopInternal Stopping service [Catalina]
15-Jun-2025 22:27:35.457 INFO [Thread-1] org.apache.coyote.AbstractProtocol.stop Stopping ProtocolHandler ["http-nio-8080"]
15-Jun-2025 22:27:35.461 INFO [Thread-1] org.apache.coyote.AbstractProtocol.destroy Destroying ProtocolHandler ["http-nio-8080"]
15-Jun-2025 22:27:52.289 INFO [main] org.apache.catalina.startup.VersionLoggerListener.log Server version name:   Apache Tomcat/9.0.106
15-Jun-2025 22:27:52.294 INFO [main] org.apache.catalina.startup.VersionLoggerListener.log Server built:          Jun 5 2025 19:02:30 UTC
15-Jun-2025 22:27:52.295 INFO [main] org.apache.catalina.startup.VersionLoggerListener.log Server version number: 9.0.106.0
15-Jun-2025 22:27:52.295 INFO [main] org.apache.catalina.startup.VersionLoggerListener.log OS Name:               Linux
15-Jun-2025 22:27:52.295 INFO [main] org.apache.catalina.startup.VersionLoggerListener.log OS Version:            5.15.167.4-microsoft-standard-WSL2
15-Jun-2025 22:27:52.295 INFO [main] org.apache.catalina.startup.VersionLoggerListener.log Architecture:          amd64
15-Jun-2025 22:27:52.295 INFO [main] org.apache.catalina.startup.VersionLoggerListener.log Java Home:             /opt/java/openjdk
15-Jun-2025 22:27:52.295 INFO [main] org.apache.catalina.startup.VersionLoggerListener.log JVM Version:           17.0.15+6
15-Jun-2025 22:27:52.296 INFO [main] org.apache.catalina.startup.VersionLoggerListener.log JVM Vendor:            Eclipse Adoptium
15-Jun-2025 22:27:52.296 INFO [main] org.apache.catalina.startup.VersionLoggerListener.log CATALINA_BASE:         /usr/local/tomcat
15-Jun-2025 22:27:52.296 INFO [main] org.apache.catalina.startup.VersionLoggerListener.log CATALINA_HOME:         /usr/local/tomcat
15-Jun-2025 22:27:52.304 INFO [main] org.apache.catalina.startup.VersionLoggerListener.log Command line argument: --add-opens=java.base/java.lang=ALL-UNNAMED
15-Jun-2025 22:27:52.305 INFO [main] org.apache.catalina.startup.VersionLoggerListener.log Command line argument: --add-opens=java.base/java.lang.invoke=ALL-UNNAMED
15-Jun-2025 22:27:52.305 INFO [main] org.apache.catalina.startup.VersionLoggerListener.log Command line argument: --add-opens=java.base/java.lang.reflect=ALL-UNNAMED
15-Jun-2025 22:27:52.305 INFO [main] org.apache.catalina.startup.VersionLoggerListener.log Command line argument: --add-opens=java.base/java.io=ALL-UNNAMED
15-Jun-2025 22:27:52.305 INFO [main] org.apache.catalina.startup.VersionLoggerListener.log Command line argument: --add-opens=java.base/java.util=ALL-UNNAMED
15-Jun-2025 22:27:52.306 INFO [main] org.apache.catalina.startup.VersionLoggerListener.log Command line argument: --add-opens=java.base/java.util.concurrent=ALL-UNNAMED
15-Jun-2025 22:27:52.306 INFO [main] org.apache.catalina.startup.VersionLoggerListener.log Command line argument: --add-opens=java.rmi/sun.rmi.transport=ALL-UNNAMED
15-Jun-2025 22:27:52.306 INFO [main] org.apache.catalina.startup.VersionLoggerListener.log Command line argument: -Djava.util.logging.config.file=/usr/local/tomcat/conf/logging.properties
15-Jun-2025 22:27:52.306 INFO [main] org.apache.catalina.startup.VersionLoggerListener.log Command line argument: -Djava.util.logging.manager=org.apache.juli.ClassLoaderLogManager
15-Jun-2025 22:27:52.306 INFO [main] org.apache.catalina.startup.VersionLoggerListener.log Command line argument: -Djdk.tls.ephemeralDHKeySize=2048
15-Jun-2025 22:27:52.306 INFO [main] org.apache.catalina.startup.VersionLoggerListener.log Command line argument: -Djava.protocol.handler.pkgs=org.apache.catalina.webresources
15-Jun-2025 22:27:52.306 INFO [main] org.apache.catalina.startup.VersionLoggerListener.log Command line argument: -Dsun.io.useCanonCaches=false
15-Jun-2025 22:27:52.306 INFO [main] org.apache.catalina.startup.VersionLoggerListener.log Command line argument: -Dorg.apache.catalina.security.SecurityListener.UMASK=0027
15-Jun-2025 22:27:52.306 INFO [main] org.apache.catalina.startup.VersionLoggerListener.log Command line argument: -Dignore.endorsed.dirs=
15-Jun-2025 22:27:52.307 INFO [main] org.apache.catalina.startup.VersionLoggerListener.log Command line argument: -Dcatalina.base=/usr/local/tomcat
15-Jun-2025 22:27:52.307 INFO [main] org.apache.catalina.startup.VersionLoggerListener.log Command line argument: -Dcatalina.home=/usr/local/tomcat
15-Jun-2025 22:27:52.307 INFO [main] org.apache.catalina.startup.VersionLoggerListener.log Command line argument: -Djava.io.tmpdir=/usr/local/tomcat/temp
15-Jun-2025 22:27:52.311 INFO [main] org.apache.catalina.core.AprLifecycleListener.lifecycleEvent Loaded Apache Tomcat Native library [1.3.1] using APR version [1.7.2].
15-Jun-2025 22:27:52.311 INFO [main] org.apache.catalina.core.AprLifecycleListener.lifecycleEvent APR capabilities: IPv6 [true], sendfile [true], accept filters [false], random [true], UDS [true].
15-Jun-2025 22:27:52.311 INFO [main] org.apache.catalina.core.AprLifecycleListener.lifecycleEvent APR/OpenSSL configuration: useAprConnector [false], useOpenSSL [true]
15-Jun-2025 22:27:52.315 INFO [main] org.apache.catalina.core.AprLifecycleListener.initializeSSL OpenSSL successfully initialized [OpenSSL 3.0.13 30 Jan 2024]
15-Jun-2025 22:27:52.658 INFO [main] org.apache.coyote.AbstractProtocol.init Initializing ProtocolHandler ["http-nio-8080"]
15-Jun-2025 22:27:52.694 INFO [main] org.apache.catalina.startup.Catalina.load Server initialization in [598] milliseconds
15-Jun-2025 22:27:52.745 INFO [main] org.apache.catalina.core.StandardService.startInternal Starting service [Catalina]
15-Jun-2025 22:27:52.745 INFO [main] org.apache.catalina.core.StandardEngine.startInternal Starting Servlet engine: [Apache Tomcat/9.0.106]
15-Jun-2025 22:27:52.763 INFO [main] org.apache.catalina.startup.HostConfig.deployWAR Deploying web application archive [/usr/local/tomcat/webapps/ROOT.war]
15-Jun-2025 22:27:53.001 WARNING [main] org.apache.tomcat.util.descriptor.web.WebXml.setVersion Unknown version string [5.0]. Default version will be used.
15-Jun-2025 22:27:53.014 WARNING [main] org.apache.tomcat.util.descriptor.web.WebXml.setVersion Unknown version string [6.0]. Default version will be used.
15-Jun-2025 22:27:53.020 WARNING [main] org.apache.tomcat.util.descriptor.web.WebXml.setVersion Unknown version string [6.0]. Default version will be used.
15-Jun-2025 22:27:55.233 INFO [main] org.apache.jasper.servlet.TldScanner.scanJars At least one JAR was scanned for TLDs yet contained no TLDs. Enable debug logging for this logger for a complete list of JARs that were scanned but no TLDs were found in them. Skipping unneeded JARs during scanning can improve startup time and JSP compilation time.
15-Jun-2025 22:27:55.315 INFO [main] org.apache.catalina.startup.HostConfig.deployWAR Deployment of web application archive [/usr/local/tomcat/webapps/ROOT.war] has finished in [2,551] ms
15-Jun-2025 22:27:55.336 INFO [main] org.apache.coyote.AbstractProtocol.start Starting ProtocolHandler ["http-nio-8080"]
15-Jun-2025 22:27:55.356 INFO [main] org.apache.catalina.startup.Catalina.start Server startup in [2662] milliseconds
15-Jun-2025 22:30:16.669 INFO [Thread-1] org.apache.coyote.AbstractProtocol.pause Pausing ProtocolHandler ["http-nio-8080"]
15-Jun-2025 22:30:16.673 INFO [Thread-1] org.apache.catalina.core.StandardService.stopInternal Stopping service [Catalina]
15-Jun-2025 22:30:16.684 INFO [Thread-1] org.apache.coyote.AbstractProtocol.stop Stopping ProtocolHandler ["http-nio-8080"]
15-Jun-2025 22:30:16.697 INFO [Thread-1] org.apache.coyote.AbstractProtocol.destroy Destroying ProtocolHandler ["http-nio-8080"]
15-Jun-2025 22:30:31.612 INFO [main] org.apache.catalina.startup.VersionLoggerListener.log Server version name:   Apache Tomcat/9.0.106
15-Jun-2025 22:30:31.616 INFO [main] org.apache.catalina.startup.VersionLoggerListener.log Server built:          Jun 5 2025 19:02:30 UTC
15-Jun-2025 22:30:31.616 INFO [main] org.apache.catalina.startup.VersionLoggerListener.log Server version number: 9.0.106.0
15-Jun-2025 22:30:31.616 INFO [main] org.apache.catalina.startup.VersionLoggerListener.log OS Name:               Linux
15-Jun-2025 22:30:31.616 INFO [main] org.apache.catalina.startup.VersionLoggerListener.log OS Version:            5.15.167.4-microsoft-standard-WSL2
15-Jun-2025 22:30:31.617 INFO [main] org.apache.catalina.startup.VersionLoggerListener.log Architecture:          amd64
15-Jun-2025 22:30:31.617 INFO [main] org.apache.catalina.startup.VersionLoggerListener.log Java Home:             /opt/java/openjdk
15-Jun-2025 22:30:31.617 INFO [main] org.apache.catalina.startup.VersionLoggerListener.log JVM Version:           17.0.15+6
15-Jun-2025 22:30:31.617 INFO [main] org.apache.catalina.startup.VersionLoggerListener.log JVM Vendor:            Eclipse Adoptium
15-Jun-2025 22:30:31.617 INFO [main] org.apache.catalina.startup.VersionLoggerListener.log CATALINA_BASE:         /usr/local/tomcat
15-Jun-2025 22:30:31.617 INFO [main] org.apache.catalina.startup.VersionLoggerListener.log CATALINA_HOME:         /usr/local/tomcat
15-Jun-2025 22:30:31.624 INFO [main] org.apache.catalina.startup.VersionLoggerListener.log Command line argument: --add-opens=java.base/java.lang=ALL-UNNAMED
15-Jun-2025 22:30:31.624 INFO [main] org.apache.catalina.startup.VersionLoggerListener.log Command line argument: --add-opens=java.base/java.lang.invoke=ALL-UNNAMED
15-Jun-2025 22:30:31.625 INFO [main] org.apache.catalina.startup.VersionLoggerListener.log Command line argument: --add-opens=java.base/java.lang.reflect=ALL-UNNAMED
15-Jun-2025 22:30:31.625 INFO [main] org.apache.catalina.startup.VersionLoggerListener.log Command line argument: --add-opens=java.base/java.io=ALL-UNNAMED
15-Jun-2025 22:30:31.625 INFO [main] org.apache.catalina.startup.VersionLoggerListener.log Command line argument: --add-opens=java.base/java.util=ALL-UNNAMED
15-Jun-2025 22:30:31.625 INFO [main] org.apache.catalina.startup.VersionLoggerListener.log Command line argument: --add-opens=java.base/java.util.concurrent=ALL-UNNAMED
15-Jun-2025 22:30:31.626 INFO [main] org.apache.catalina.startup.VersionLoggerListener.log Command line argument: --add-opens=java.rmi/sun.rmi.transport=ALL-UNNAMED
15-Jun-2025 22:30:31.626 INFO [main] org.apache.catalina.startup.VersionLoggerListener.log Command line argument: -Djava.util.logging.config.file=/usr/local/tomcat/conf/logging.properties
15-Jun-2025 22:30:31.626 INFO [main] org.apache.catalina.startup.VersionLoggerListener.log Command line argument: -Djava.util.logging.manager=org.apache.juli.ClassLoaderLogManager
15-Jun-2025 22:30:31.626 INFO [main] org.apache.catalina.startup.VersionLoggerListener.log Command line argument: -Djdk.tls.ephemeralDHKeySize=2048
15-Jun-2025 22:30:31.626 INFO [main] org.apache.catalina.startup.VersionLoggerListener.log Command line argument: -Djava.protocol.handler.pkgs=org.apache.catalina.webresources
15-Jun-2025 22:30:31.626 INFO [main] org.apache.catalina.startup.VersionLoggerListener.log Command line argument: -Dsun.io.useCanonCaches=false
15-Jun-2025 22:30:31.626 INFO [main] org.apache.catalina.startup.VersionLoggerListener.log Command line argument: -Dorg.apache.catalina.security.SecurityListener.UMASK=0027
15-Jun-2025 22:30:31.626 INFO [main] org.apache.catalina.startup.VersionLoggerListener.log Command line argument: -Dignore.endorsed.dirs=
15-Jun-2025 22:30:31.627 INFO [main] org.apache.catalina.startup.VersionLoggerListener.log Command line argument: -Dcatalina.base=/usr/local/tomcat
15-Jun-2025 22:30:31.627 INFO [main] org.apache.catalina.startup.VersionLoggerListener.log Command line argument: -Dcatalina.home=/usr/local/tomcat
15-Jun-2025 22:30:31.627 INFO [main] org.apache.catalina.startup.VersionLoggerListener.log Command line argument: -Djava.io.tmpdir=/usr/local/tomcat/temp
15-Jun-2025 22:30:31.630 INFO [main] org.apache.catalina.core.AprLifecycleListener.lifecycleEvent Loaded Apache Tomcat Native library [1.3.1] using APR version [1.7.2].
15-Jun-2025 22:30:31.630 INFO [main] org.apache.catalina.core.AprLifecycleListener.lifecycleEvent APR capabilities: IPv6 [true], sendfile [true], accept filters [false], random [true], UDS [true].
15-Jun-2025 22:30:31.630 INFO [main] org.apache.catalina.core.AprLifecycleListener.lifecycleEvent APR/OpenSSL configuration: useAprConnector [false], useOpenSSL [true]
15-Jun-2025 22:30:31.633 INFO [main] org.apache.catalina.core.AprLifecycleListener.initializeSSL OpenSSL successfully initialized [OpenSSL 3.0.13 30 Jan 2024]
15-Jun-2025 22:30:31.900 INFO [main] org.apache.coyote.AbstractProtocol.init Initializing ProtocolHandler ["http-nio-8080"]
15-Jun-2025 22:30:31.920 INFO [main] org.apache.catalina.startup.Catalina.load Server initialization in [457] milliseconds
15-Jun-2025 22:30:31.953 INFO [main] org.apache.catalina.core.StandardService.startInternal Starting service [Catalina]
15-Jun-2025 22:30:31.954 INFO [main] org.apache.catalina.core.StandardEngine.startInternal Starting Servlet engine: [Apache Tomcat/9.0.106]
15-Jun-2025 22:30:31.966 INFO [main] org.apache.catalina.startup.HostConfig.deployWAR Deploying web application archive [/usr/local/tomcat/webapps/ROOT.war]
15-Jun-2025 22:30:32.152 WARNING [main] org.apache.tomcat.util.descriptor.web.WebXml.setVersion Unknown version string [5.0]. Default version will be used.
15-Jun-2025 22:30:32.159 WARNING [main] org.apache.tomcat.util.descriptor.web.WebXml.setVersion Unknown version string [6.0]. Default version will be used.
15-Jun-2025 22:30:32.163 WARNING [main] org.apache.tomcat.util.descriptor.web.WebXml.setVersion Unknown version string [6.0]. Default version will be used.
15-Jun-2025 22:30:33.965 INFO [main] org.apache.jasper.servlet.TldScanner.scanJars At least one JAR was scanned for TLDs yet contained no TLDs. Enable debug logging for this logger for a complete list of JARs that were scanned but no TLDs were found in them. Skipping unneeded JARs during scanning can improve startup time and JSP compilation time.
15-Jun-2025 22:30:34.027 INFO [main] org.apache.catalina.startup.HostConfig.deployWAR Deployment of web application archive [/usr/local/tomcat/webapps/ROOT.war] has finished in [2,060] ms
15-Jun-2025 22:30:34.032 INFO [main] org.apache.coyote.AbstractProtocol.start Starting ProtocolHandler ["http-nio-8080"]
15-Jun-2025 22:30:34.043 INFO [main] org.apache.catalina.startup.Catalina.start Server startup in [2122] milliseconds
